****************************************************
*    USAF STABILITY AND CONTROL  DIGITAL DATCOM    *
*    PROGRAM REV. JAN 96   DIRECT INQUIRIES TO:    *
*    WRIGHT LABORATORY  (WL/FIGC)  ATTN: W. BLAKE  *
*      WRIGHT PATTERSON AFB, OHIO  45433           *
*    PHONE (513) 255-6764,   FAX (513) 258-4054    *
****************************************************
1                         CONERR - INPUT ERROR CHECKING
0 ERROR CODES - N* DENOTES THE NUMBER OF OCCURENCES OF EACH ERROR
0 A - UNKNOWN VARIABLE NAME
0 B - MISSING EQUAL SIGN FOLLOWING VARIABLE NAME
0 C - NON-ARRAY VARIABLE HAS AN ARRAY ELEMENT DESIGNATION - (N)
0 D - NON-ARRAY VARIABLE HAS MULTIPLE VALUES ASSIGNED
0 E - ASSIGNED VALUES EXCEED ARRAY DIMENSION
0 F - SYNTAX ERROR
0******************************  INPUT DATA CARDS  ******************************
$FLTCON NMACH=1.0$
$FLTCON MACH(1)=0.135$
$FLTCON NALPHA=20.0$
$FLTCON ALSCHD(1)= -16.0, -8.0, -6.0, -4.0, -2.0, 0.0, 2.0,  4.0,  8.0,
$FLTCON NALT=1.0$
$FLTCON ALT(1)=0.0$
$FLTCON STMACH=0.6$
$FLTCON TSMACH=1.4$
$FLTCON TR=1.0$
$FLTCON WT=1400.0$
$FLTCON LOOP=1.0$
$OPTINS ROUGFC=0.25E-3$
$SYNTHS XCG=5.5$ ! xnp around 5.6
$SYNTHS ZCG=0.0$ ! CHECK
$SYNTHS XW=4.5$
$SYNTHS ZW=2.0$
$SYNTHS ALIW=1.0$ ! CHECK 3.0 (3.75)
$SYNTHS XH=17.4$
$SYNTHS ZH=-0.3$
$SYNTHS ALIH=0.0$
$SYNTHS XV=17.8$
$SYNTHS ZV=0.0$
$SYNTHS SCALE=1.0$
$SYNTHS VERTUP=.TRUE.$
$BODY NX=13.0$
$BODY X(1)=0.0,0.0,0.10,0.18,0.45,0.7,1.42,2.88,4.6,8.2,10.6,
19.6,19.6$
$BODY R(1)=0.0,1.0,1.16,1.23,1.35,1.39,1.46,1.58,1.66,1.66,1.4,
0.34,0.0$
$BODY ZU(1)=0.1,0.3,0.6,0.66,0.73,0.77,0.87,0.94,2.25,2.25,0.67,
-0.07,-0.6$
$BODY ZL(1)=0.1,-0.5,-0.97,-1.22,-1.42,-1.57,-1.73,-1.93,-2.04,-1.9,-1.7,
-1.04,-0.6$
$BODY ITYPE=1.0$
$BODY METHOD=1.0$
$WGPLNF CHRDTP=3.63$
$WGPLNF SSPNOP=9.30$
$WGPLNF SSPNE=14.7$
$WGPLNF SSPN=16.5$
$WGPLNF CHRDBP=5.26$
$WGPLNF CHRDR=5.26$
$WGPLNF SAVSI=0.0$
$WGPLNF SAVSO=6.0$ ! I don't understand, should be zero but then it's wrong on
$WGPLNF CHSTAT=0.25$       ! CHECK what's that
$WGPLNF TWISTA=0.0$
$WGPLNF DHDADI=0.0$
$WGPLNF TYPE=1.0$
$SYMFLP FTYPE=2.0$ ! CHECK
$SYMFLP NDELTA=9.0$
$SYMFLP DELTA(1)=0.0,5.0,10.0,15.0,20.0,25.0,30.0,35.0,40.0$
$SYMFLP PHETE=0.0522$      ! CHECK
$SYMFLP PHETEP=0.0391$     ! CHECK
$SYMFLP CHRDFI=1.32$
$SYMFLP CHRDFO=1.32$
$SYMFLP SPANFI=1.70$
$SYMFLP SPANFO=6.75$
$SYMFLP CPRMEI(1)=8.1,8.1,8.2,8.2,8.3,8.3,8.3,8.4,8.4$
$SYMFLP CPRMEO(1)=3.7,3.7,3.8,3.8,3.9,3.9,3.9,4.0,4.0$
$SYMFLP NTYPE=1.0$                     ! Guess
$ASYFLP STYPE=4.0$
$ASYFLP NDELTA=9.0$
$ASYFLP DELTAL(1)=-21.0,-15.0,-10.0,-5.0,0.0,5.0,10.0,15.0,21.0$
$ASYFLP DELTAR(1)=21.0,15.0,10.0,5.0,0.0,-5.0,-10.0,-15.0,-21.0$
$ASYFLP SPANFI=6.75$
$ASYFLP SPANFO=15.65$
$ASYFLP PHETE=0.00$      ! CHECK
$ASYFLP CHRDFI=0.786$
$ASYFLP CHRDFO=0.786$
$HTPLNF CHRDTP=2.13$
$HTPLNF SSPNE=3.6$
$HTPLNF SSPN=3.9$
$HTPLNF CHRDR=4.00$
$HTPLNF SAVSI=0.0$ ! CHECK
$HTPLNF CHSTAT=0.25$ ! CHECK
$HTPLNF TWISTA=-3.0$		! Guess
$HTPLNF DHDADI=0.0$		! Average value used
$HTPLNF TYPE=1.0$
$VTPLNF CHRDTP=2.13$
$VTPLNF SSPNE=3.6$
$VTPLNF SSPN=3.9$
$VTPLNF CHRDR=4.00$
$VTPLNF SAVSI=5.0$ ! CHECK
$VTPLNF CHSTAT=0.0$
$VTPLNF TYPE=1.0$
$SYMFLP FTYPE=1.0$
$SYMFLP NDELTA=9.0$
$SYMFLP DELTA(1)=-26.0,-17.0,-10.0,-5.0,0.0,5.0,9.0,13.0,17.0$
$SYMFLP PHETE=0.0522$      ! value in SPROB.IN for plain flaps
$SYMFLP PHETEP=0.0523$     ! value in SPROB.IN for plain flaps
$SYMFLP CHRDFI=1.50$      ! scaled from three-view drawing
$SYMFLP CHRDFO=1.02$     ! scaled from three-view drawing
$SYMFLP SPANFI=0.8$       ! scaled from three-view drawing
$SYMFLP SPANFO=4.6$       ! scaled from three-view drawing
$SYMFLP CB=0.84$ ! CHECK
$SYMFLP TC=0.3$          ! CHECK
$SYMFLP NTYPE=1.0$
1          THE FOLLOWING IS A LIST OF ALL INPUT CARDS FOR THIS CASE.
0
$FLTCON NMACH=1.0$
$FLTCON MACH(1)=0.135$
$FLTCON NALPHA=20.0$
$FLTCON ALSCHD(1)= -16.0, -8.0, -6.0, -4.0, -2.0, 0.0, 2.0,  4.0,  8.0,
$FLTCON NALT=1.0$
$FLTCON ALT(1)=0.0$
$FLTCON STMACH=0.6$
$FLTCON TSMACH=1.4$
$FLTCON TR=1.0$
$FLTCON WT=1400.0$
$FLTCON LOOP=1.0$
$OPTINS ROUGFC=0.25E-3$
$SYNTHS XCG=5.5$ ! xnp around 5.6
$SYNTHS ZCG=0.0$ ! CHECK
$SYNTHS XW=4.5$
$SYNTHS ZW=2.0$
$SYNTHS ALIW=1.0$ ! CHECK 3.0 (3.75)
$SYNTHS XH=17.4$
$SYNTHS ZH=-0.3$
$SYNTHS ALIH=0.0$
$SYNTHS XV=17.8$
$SYNTHS ZV=0.0$
$SYNTHS SCALE=1.0$
$SYNTHS VERTUP=.TRUE.$
$BODY NX=13.0$
$BODY X(1)=0.0,0.0,0.10,0.18,0.45,0.7,1.42,2.88,4.6,8.2,10.6,
19.6,19.6$
$BODY R(1)=0.0,1.0,1.16,1.23,1.35,1.39,1.46,1.58,1.66,1.66,1.4,
0.34,0.0$
$BODY ZU(1)=0.1,0.3,0.6,0.66,0.73,0.77,0.87,0.94,2.25,2.25,0.67,
-0.07,-0.6$
$BODY ZL(1)=0.1,-0.5,-0.97,-1.22,-1.42,-1.57,-1.73,-1.93,-2.04,-1.9,-1.7,
-1.04,-0.6$
$BODY ITYPE=1.0$
$BODY METHOD=1.0$
$WGPLNF CHRDTP=3.63$
$WGPLNF SSPNOP=9.30$
$WGPLNF SSPNE=14.7$
$WGPLNF SSPN=16.5$
$WGPLNF CHRDBP=5.26$
$WGPLNF CHRDR=5.26$
$WGPLNF SAVSI=0.0$
$WGPLNF SAVSO=6.0$ ! I don't understand, should be zero but then it's wrong on
$WGPLNF CHSTAT=0.25$       ! CHECK what's that
$WGPLNF TWISTA=0.0$
$WGPLNF DHDADI=0.0$
$WGPLNF TYPE=1.0$
$SYMFLP FTYPE=2.0$ ! CHECK
$SYMFLP NDELTA=9.0$
$SYMFLP DELTA(1)=0.0,5.0,10.0,15.0,20.0,25.0,30.0,35.0,40.0$
$SYMFLP PHETE=0.0522$      ! CHECK
$SYMFLP PHETEP=0.0391$     ! CHECK
$SYMFLP CHRDFI=1.32$
$SYMFLP CHRDFO=1.32$
$SYMFLP SPANFI=1.70$
$SYMFLP SPANFO=6.75$
$SYMFLP CPRMEI(1)=8.1,8.1,8.2,8.2,8.3,8.3,8.3,8.4,8.4$
$SYMFLP CPRMEO(1)=3.7,3.7,3.8,3.8,3.9,3.9,3.9,4.0,4.0$
$SYMFLP NTYPE=1.0$                     ! Guess
1
1          THE FOLLOWING IS A LIST OF ALL INPUT CARDS FOR THIS CASE.
0
$ASYFLP STYPE=4.0$
$ASYFLP NDELTA=9.0$
$ASYFLP DELTAL(1)=-21.0,-15.0,-10.0,-5.0,0.0,5.0,10.0,15.0,21.0$
$ASYFLP DELTAR(1)=21.0,15.0,10.0,5.0,0.0,-5.0,-10.0,-15.0,-21.0$
$ASYFLP SPANFI=6.75$
$ASYFLP SPANFO=15.65$
$ASYFLP PHETE=0.00$      ! CHECK
$ASYFLP CHRDFI=0.786$
$ASYFLP CHRDFO=0.786$
1
1          THE FOLLOWING IS A LIST OF ALL INPUT CARDS FOR THIS CASE.
0
$HTPLNF CHRDTP=2.13$
$HTPLNF SSPNE=3.6$
$HTPLNF SSPN=3.9$
$HTPLNF CHRDR=4.00$
$HTPLNF SAVSI=0.0$ ! CHECK
$HTPLNF CHSTAT=0.25$ ! CHECK
$HTPLNF TWISTA=-3.0$		! Guess
$HTPLNF DHDADI=0.0$		! Average value used
$HTPLNF TYPE=1.0$
$VTPLNF CHRDTP=2.13$
$VTPLNF SSPNE=3.6$
$VTPLNF SSPN=3.9$
$VTPLNF CHRDR=4.00$
$VTPLNF SAVSI=5.0$ ! CHECK
$VTPLNF CHSTAT=0.0$
$VTPLNF TYPE=1.0$
$SYMFLP FTYPE=1.0$
$SYMFLP NDELTA=9.0$
$SYMFLP DELTA(1)=-26.0,-17.0,-10.0,-5.0,0.0,5.0,9.0,13.0,17.0$
$SYMFLP PHETE=0.0522$      ! value in SPROB.IN for plain flaps
$SYMFLP PHETEP=0.0523$     ! value in SPROB.IN for plain flaps
$SYMFLP CHRDFI=1.50$      ! scaled from three-view drawing
$SYMFLP CHRDFO=1.02$     ! scaled from three-view drawing
$SYMFLP SPANFI=0.8$       ! scaled from three-view drawing
$SYMFLP SPANFO=4.6$       ! scaled from three-view drawing
$SYMFLP CB=0.84$ ! CHECK
$SYMFLP TC=0.3$          ! CHECK
$SYMFLP NTYPE=1.0$
1
1 END OF JOB.
